mode: set
tezos-delegation-service/config/config.go:30.36,37.45 3 0
tezos-delegation-service/config/config.go:37.45,40.3 2 0
tezos-delegation-service/config/config.go:41.2,41.49 1 0
tezos-delegation-service/config/config.go:41.49,44.3 2 0
tezos-delegation-service/config/config.go:45.2,45.8 1 0
tezos-delegation-service/config/config.go:49.36,51.9 2 0
tezos-delegation-service/config/config.go:51.9,53.3 1 0
tezos-delegation-service/config/config.go:55.2,56.6 2 0
tezos-delegation-service/config/config.go:56.6,57.51 1 0
tezos-delegation-service/config/config.go:57.51,59.4 1 0
tezos-delegation-service/config/config.go:61.3,62.27 2 0
tezos-delegation-service/config/config.go:62.27,63.9 1 0
tezos-delegation-service/config/config.go:65.3,65.22 1 0
tezos-delegation-service/config/config.go:67.2,67.27 1 0
tezos-delegation-service/config/config.go:71.35,74.2 2 0
tezos-delegation-service/cmd/server/main.go:14.13,16.30 1 0
tezos-delegation-service/cmd/server/main.go:16.30,19.3 1 0
tezos-delegation-service/cmd/server/main.go:23.18,35.39 5 0
tezos-delegation-service/cmd/server/main.go:35.39,38.3 2 0
tezos-delegation-service/cmd/server/main.go:41.2,49.38 5 0
tezos-delegation-service/cmd/server/main.go:49.38,52.3 2 0
tezos-delegation-service/cmd/server/main.go:54.2,54.12 1 0
tezos-delegation-service/internal/api/openapi.gen.go:59.70,69.16 4 0
tezos-delegation-service/internal/api/openapi.gen.go:69.16,72.3 2 0
tezos-delegation-service/internal/api/openapi.gen.go:76.2,77.16 2 0
tezos-delegation-service/internal/api/openapi.gen.go:77.16,80.3 2 0
tezos-delegation-service/internal/api/openapi.gen.go:84.2,85.16 2 0
tezos-delegation-service/internal/api/openapi.gen.go:85.16,88.3 2 0
tezos-delegation-service/internal/api/openapi.gen.go:90.2,90.52 1 0
tezos-delegation-service/internal/api/openapi.gen.go:90.52,92.20 2 0
tezos-delegation-service/internal/api/openapi.gen.go:92.20,94.4 1 0
tezos-delegation-service/internal/api/openapi.gen.go:97.2,97.42 1 0
tezos-delegation-service/internal/api/openapi.gen.go:108.63,110.2 1 0
tezos-delegation-service/internal/api/openapi.gen.go:113.100,115.25 2 0
tezos-delegation-service/internal/api/openapi.gen.go:115.25,116.66 1 0
tezos-delegation-service/internal/api/openapi.gen.go:116.66,118.4 1 0
tezos-delegation-service/internal/api/openapi.gen.go:121.2,127.75 2 0
tezos-delegation-service/internal/api/openapi.gen.go:147.35,149.16 2 0
tezos-delegation-service/internal/api/openapi.gen.go:149.16,151.3 1 0
tezos-delegation-service/internal/api/openapi.gen.go:152.2,153.16 2 0
tezos-delegation-service/internal/api/openapi.gen.go:153.16,155.3 1 0
tezos-delegation-service/internal/api/openapi.gen.go:156.2,158.16 3 0
tezos-delegation-service/internal/api/openapi.gen.go:158.16,160.3 1 0
tezos-delegation-service/internal/api/openapi.gen.go:162.2,162.25 1 0
tezos-delegation-service/internal/api/openapi.gen.go:168.48,170.32 2 0
tezos-delegation-service/internal/api/openapi.gen.go:170.32,172.3 1 0
tezos-delegation-service/internal/api/openapi.gen.go:176.73,178.25 2 0
tezos-delegation-service/internal/api/openapi.gen.go:178.25,180.3 1 0
tezos-delegation-service/internal/api/openapi.gen.go:182.2,182.12 1 0
tezos-delegation-service/internal/api/openapi.gen.go:190.52,195.87 4 0
tezos-delegation-service/internal/api/openapi.gen.go:195.87,199.10 4 0
tezos-delegation-service/internal/api/openapi.gen.go:199.10,202.4 2 0
tezos-delegation-service/internal/api/openapi.gen.go:203.3,203.19 1 0
tezos-delegation-service/internal/api/openapi.gen.go:205.2,207.16 3 0
tezos-delegation-service/internal/api/openapi.gen.go:207.16,209.3 1 0
tezos-delegation-service/internal/api/openapi.gen.go:210.2,211.16 2 0
tezos-delegation-service/internal/api/openapi.gen.go:211.16,213.3 1 0
tezos-delegation-service/internal/api/openapi.gen.go:214.2,214.8 1 0
tezos-delegation-service/internal/api/router/router.go:17.83,34.2 9 0
tezos-delegation-service/config/config.go:30.36,37.45 3 0
tezos-delegation-service/config/config.go:37.45,40.3 2 0
tezos-delegation-service/config/config.go:41.2,41.49 1 0
tezos-delegation-service/config/config.go:41.49,44.3 2 0
tezos-delegation-service/config/config.go:45.2,45.8 1 0
tezos-delegation-service/config/config.go:49.36,51.9 2 0
tezos-delegation-service/config/config.go:51.9,53.3 1 0
tezos-delegation-service/config/config.go:55.2,56.6 2 0
tezos-delegation-service/config/config.go:56.6,57.51 1 0
tezos-delegation-service/config/config.go:57.51,59.4 1 0
tezos-delegation-service/config/config.go:61.3,62.27 2 0
tezos-delegation-service/config/config.go:62.27,63.9 1 0
tezos-delegation-service/config/config.go:65.3,65.22 1 0
tezos-delegation-service/config/config.go:67.2,67.27 1 0
tezos-delegation-service/config/config.go:71.35,74.2 2 0
tezos-delegation-service/internal/api/openapi.gen.go:59.70,69.16 4 0
tezos-delegation-service/internal/api/openapi.gen.go:69.16,72.3 2 0
tezos-delegation-service/internal/api/openapi.gen.go:76.2,77.16 2 0
tezos-delegation-service/internal/api/openapi.gen.go:77.16,80.3 2 0
tezos-delegation-service/internal/api/openapi.gen.go:84.2,85.16 2 0
tezos-delegation-service/internal/api/openapi.gen.go:85.16,88.3 2 0
tezos-delegation-service/internal/api/openapi.gen.go:90.2,90.52 1 0
tezos-delegation-service/internal/api/openapi.gen.go:90.52,92.20 2 0
tezos-delegation-service/internal/api/openapi.gen.go:92.20,94.4 1 0
tezos-delegation-service/internal/api/openapi.gen.go:97.2,97.42 1 0
tezos-delegation-service/internal/api/openapi.gen.go:108.63,110.2 1 0
tezos-delegation-service/internal/api/openapi.gen.go:113.100,115.25 2 0
tezos-delegation-service/internal/api/openapi.gen.go:115.25,116.66 1 0
tezos-delegation-service/internal/api/openapi.gen.go:116.66,118.4 1 0
tezos-delegation-service/internal/api/openapi.gen.go:121.2,127.75 2 0
tezos-delegation-service/internal/api/openapi.gen.go:147.35,149.16 2 1
tezos-delegation-service/internal/api/openapi.gen.go:149.16,151.3 1 0
tezos-delegation-service/internal/api/openapi.gen.go:152.2,153.16 2 1
tezos-delegation-service/internal/api/openapi.gen.go:153.16,155.3 1 0
tezos-delegation-service/internal/api/openapi.gen.go:156.2,158.16 3 1
tezos-delegation-service/internal/api/openapi.gen.go:158.16,160.3 1 0
tezos-delegation-service/internal/api/openapi.gen.go:162.2,162.25 1 1
tezos-delegation-service/internal/api/openapi.gen.go:168.48,170.32 2 1
tezos-delegation-service/internal/api/openapi.gen.go:170.32,172.3 1 0
tezos-delegation-service/internal/api/openapi.gen.go:176.73,178.25 2 0
tezos-delegation-service/internal/api/openapi.gen.go:178.25,180.3 1 0
tezos-delegation-service/internal/api/openapi.gen.go:182.2,182.12 1 0
tezos-delegation-service/internal/api/openapi.gen.go:190.52,195.87 4 0
tezos-delegation-service/internal/api/openapi.gen.go:195.87,199.10 4 0
tezos-delegation-service/internal/api/openapi.gen.go:199.10,202.4 2 0
tezos-delegation-service/internal/api/openapi.gen.go:203.3,203.19 1 0
tezos-delegation-service/internal/api/openapi.gen.go:205.2,207.16 3 0
tezos-delegation-service/internal/api/openapi.gen.go:207.16,209.3 1 0
tezos-delegation-service/internal/api/openapi.gen.go:210.2,211.16 2 0
tezos-delegation-service/internal/api/openapi.gen.go:211.16,213.3 1 0
tezos-delegation-service/internal/api/openapi.gen.go:214.2,214.8 1 0
tezos-delegation-service/internal/api/handlers/delegation.go:18.41,20.2 1 1
tezos-delegation-service/internal/api/handlers/delegation.go:23.100,31.16 4 1
tezos-delegation-service/internal/api/handlers/delegation.go:31.16,34.3 2 0
tezos-delegation-service/internal/api/handlers/delegation.go:37.2,37.74 1 1
tezos-delegation-service/config/config.go:30.36,37.45 3 0
tezos-delegation-service/config/config.go:37.45,40.3 2 0
tezos-delegation-service/config/config.go:41.2,41.49 1 0
tezos-delegation-service/config/config.go:41.49,44.3 2 0
tezos-delegation-service/config/config.go:45.2,45.8 1 0
tezos-delegation-service/config/config.go:49.36,51.9 2 0
tezos-delegation-service/config/config.go:51.9,53.3 1 0
tezos-delegation-service/config/config.go:55.2,56.6 2 0
tezos-delegation-service/config/config.go:56.6,57.51 1 0
tezos-delegation-service/config/config.go:57.51,59.4 1 0
tezos-delegation-service/config/config.go:61.3,62.27 2 0
tezos-delegation-service/config/config.go:62.27,63.9 1 0
tezos-delegation-service/config/config.go:65.3,65.22 1 0
tezos-delegation-service/config/config.go:67.2,67.27 1 0
tezos-delegation-service/config/config.go:71.35,74.2 2 0
tezos-delegation-service/internal/api/openapi.gen.go:59.70,69.16 4 0
tezos-delegation-service/internal/api/openapi.gen.go:69.16,72.3 2 0
tezos-delegation-service/internal/api/openapi.gen.go:76.2,77.16 2 0
tezos-delegation-service/internal/api/openapi.gen.go:77.16,80.3 2 0
tezos-delegation-service/internal/api/openapi.gen.go:84.2,85.16 2 0
tezos-delegation-service/internal/api/openapi.gen.go:85.16,88.3 2 0
tezos-delegation-service/internal/api/openapi.gen.go:90.2,90.52 1 0
tezos-delegation-service/internal/api/openapi.gen.go:90.52,92.20 2 0
tezos-delegation-service/internal/api/openapi.gen.go:92.20,94.4 1 0
tezos-delegation-service/internal/api/openapi.gen.go:97.2,97.42 1 0
tezos-delegation-service/internal/api/openapi.gen.go:108.63,110.2 1 1
tezos-delegation-service/internal/api/openapi.gen.go:113.100,115.25 2 1
tezos-delegation-service/internal/api/openapi.gen.go:115.25,116.66 1 1
tezos-delegation-service/internal/api/openapi.gen.go:116.66,118.4 1 0
tezos-delegation-service/internal/api/openapi.gen.go:121.2,127.75 2 1
tezos-delegation-service/internal/api/openapi.gen.go:147.35,149.16 2 1
tezos-delegation-service/internal/api/openapi.gen.go:149.16,151.3 1 0
tezos-delegation-service/internal/api/openapi.gen.go:152.2,153.16 2 1
tezos-delegation-service/internal/api/openapi.gen.go:153.16,155.3 1 0
tezos-delegation-service/internal/api/openapi.gen.go:156.2,158.16 3 1
tezos-delegation-service/internal/api/openapi.gen.go:158.16,160.3 1 0
tezos-delegation-service/internal/api/openapi.gen.go:162.2,162.25 1 1
tezos-delegation-service/internal/api/openapi.gen.go:168.48,170.32 2 1
tezos-delegation-service/internal/api/openapi.gen.go:170.32,172.3 1 1
tezos-delegation-service/internal/api/openapi.gen.go:176.73,178.25 2 1
tezos-delegation-service/internal/api/openapi.gen.go:178.25,180.3 1 0
tezos-delegation-service/internal/api/openapi.gen.go:182.2,182.12 1 1
tezos-delegation-service/internal/api/openapi.gen.go:190.52,195.87 4 1
tezos-delegation-service/internal/api/openapi.gen.go:195.87,199.10 4 0
tezos-delegation-service/internal/api/openapi.gen.go:199.10,202.4 2 0
tezos-delegation-service/internal/api/openapi.gen.go:203.3,203.19 1 0
tezos-delegation-service/internal/api/openapi.gen.go:205.2,207.16 3 1
tezos-delegation-service/internal/api/openapi.gen.go:207.16,209.3 1 0
tezos-delegation-service/internal/api/openapi.gen.go:210.2,211.16 2 1
tezos-delegation-service/internal/api/openapi.gen.go:211.16,213.3 1 0
tezos-delegation-service/internal/api/openapi.gen.go:214.2,214.8 1 1
tezos-delegation-service/internal/api/router/router.go:17.83,34.2 9 1
tezos-delegation-service/internal/api/server/server.go:20.76,32.2 4 1
tezos-delegation-service/internal/middleware/circuitbreaker.go:10.42,12.2 1 0
tezos-delegation-service/internal/middleware/circuitbreaker.go:14.56,15.30 1 0
tezos-delegation-service/internal/middleware/circuitbreaker.go:15.30,16.48 1 0
tezos-delegation-service/internal/middleware/circuitbreaker.go:16.48,18.25 2 0
tezos-delegation-service/internal/middleware/circuitbreaker.go:18.25,20.5 1 0
tezos-delegation-service/internal/middleware/circuitbreaker.go:21.4,21.14 1 0
tezos-delegation-service/internal/middleware/circuitbreaker.go:24.3,24.17 1 0
tezos-delegation-service/internal/middleware/circuitbreaker.go:24.17,27.4 2 0
tezos-delegation-service/internal/middleware/cors.go:9.22,11.2 1 1
tezos-delegation-service/internal/middleware/cors.go:13.45,14.30 1 1
tezos-delegation-service/internal/middleware/cors.go:14.30,22.3 5 0
tezos-delegation-service/internal/middleware/logger.go:10.57,11.30 1 1
tezos-delegation-service/internal/middleware/logger.go:11.30,23.3 4 0
tezos-delegation-service/internal/middleware/ratelimiter.go:12.44,16.2 1 1
tezos-delegation-service/internal/middleware/ratelimiter.go:18.53,19.30 1 1
tezos-delegation-service/internal/middleware/ratelimiter.go:19.30,22.3 2 0
tezos-delegation-service/internal/middleware/retrier.go:11.28,13.2 1 0
tezos-delegation-service/internal/middleware/retrier.go:15.86,16.30 1 0
tezos-delegation-service/internal/middleware/retrier.go:16.30,17.21 1 0
tezos-delegation-service/internal/middleware/retrier.go:17.21,19.26 2 0
tezos-delegation-service/internal/middleware/retrier.go:19.26,21.5 1 0
tezos-delegation-service/internal/middleware/retrier.go:23.4,23.27 1 0
tezos-delegation-service/internal/middleware/retrier.go:23.27,25.5 1 0
tezos-delegation-service/internal/middleware/retrier.go:27.4,27.21 1 0
tezos-delegation-service/logger/logger.go:16.26,27.2 2 1
tezos-delegation-service/internal/middleware/circuitbreaker.go:10.42,12.2 1 0
tezos-delegation-service/internal/middleware/circuitbreaker.go:14.56,15.30 1 0
tezos-delegation-service/internal/middleware/circuitbreaker.go:15.30,16.48 1 0
tezos-delegation-service/internal/middleware/circuitbreaker.go:16.48,18.25 2 0
tezos-delegation-service/internal/middleware/circuitbreaker.go:18.25,20.5 1 0
tezos-delegation-service/internal/middleware/circuitbreaker.go:21.4,21.14 1 0
tezos-delegation-service/internal/middleware/circuitbreaker.go:24.3,24.17 1 0
tezos-delegation-service/internal/middleware/circuitbreaker.go:24.17,27.4 2 0
tezos-delegation-service/internal/middleware/cors.go:9.22,11.2 1 0
tezos-delegation-service/internal/middleware/cors.go:13.45,14.30 1 0
tezos-delegation-service/internal/middleware/cors.go:14.30,22.3 5 0
tezos-delegation-service/internal/middleware/logger.go:10.57,11.30 1 0
tezos-delegation-service/internal/middleware/logger.go:11.30,23.3 4 0
tezos-delegation-service/internal/middleware/ratelimiter.go:12.44,16.2 1 0
tezos-delegation-service/internal/middleware/ratelimiter.go:18.53,19.30 1 0
tezos-delegation-service/internal/middleware/ratelimiter.go:19.30,22.3 2 0
tezos-delegation-service/internal/middleware/retrier.go:11.28,13.2 1 0
tezos-delegation-service/internal/middleware/retrier.go:15.86,16.30 1 0
tezos-delegation-service/internal/middleware/retrier.go:16.30,17.21 1 0
tezos-delegation-service/internal/middleware/retrier.go:17.21,19.26 2 0
tezos-delegation-service/internal/middleware/retrier.go:19.26,21.5 1 0
tezos-delegation-service/internal/middleware/retrier.go:23.4,23.27 1 0
tezos-delegation-service/internal/middleware/retrier.go:23.27,25.5 1 0
tezos-delegation-service/internal/middleware/retrier.go:27.4,27.21 1 0
tezos-delegation-service/config/config.go:30.36,37.45 3 1
tezos-delegation-service/config/config.go:37.45,40.3 2 0
tezos-delegation-service/config/config.go:41.2,41.49 1 1
tezos-delegation-service/config/config.go:41.49,44.3 2 0
tezos-delegation-service/config/config.go:45.2,45.8 1 1
tezos-delegation-service/config/config.go:49.36,51.9 2 1
tezos-delegation-service/config/config.go:51.9,53.3 1 0
tezos-delegation-service/config/config.go:55.2,56.6 2 1
tezos-delegation-service/config/config.go:56.6,57.51 1 1
tezos-delegation-service/config/config.go:57.51,59.4 1 1
tezos-delegation-service/config/config.go:61.3,62.27 2 1
tezos-delegation-service/config/config.go:62.27,63.9 1 0
tezos-delegation-service/config/config.go:65.3,65.22 1 1
tezos-delegation-service/config/config.go:67.2,67.27 1 0
tezos-delegation-service/config/config.go:71.35,74.2 2 1
tezos-delegation-service/internal/api/openapi.gen.go:59.70,69.16 4 0
tezos-delegation-service/internal/api/openapi.gen.go:69.16,72.3 2 0
tezos-delegation-service/internal/api/openapi.gen.go:76.2,77.16 2 0
tezos-delegation-service/internal/api/openapi.gen.go:77.16,80.3 2 0
tezos-delegation-service/internal/api/openapi.gen.go:84.2,85.16 2 0
tezos-delegation-service/internal/api/openapi.gen.go:85.16,88.3 2 0
tezos-delegation-service/internal/api/openapi.gen.go:90.2,90.52 1 0
tezos-delegation-service/internal/api/openapi.gen.go:90.52,92.20 2 0
tezos-delegation-service/internal/api/openapi.gen.go:92.20,94.4 1 0
tezos-delegation-service/internal/api/openapi.gen.go:97.2,97.42 1 0
tezos-delegation-service/internal/api/openapi.gen.go:108.63,110.2 1 0
tezos-delegation-service/internal/api/openapi.gen.go:113.100,115.25 2 0
tezos-delegation-service/internal/api/openapi.gen.go:115.25,116.66 1 0
tezos-delegation-service/internal/api/openapi.gen.go:116.66,118.4 1 0
tezos-delegation-service/internal/api/openapi.gen.go:121.2,127.75 2 0
tezos-delegation-service/internal/api/openapi.gen.go:147.35,149.16 2 1
tezos-delegation-service/internal/api/openapi.gen.go:149.16,151.3 1 0
tezos-delegation-service/internal/api/openapi.gen.go:152.2,153.16 2 1
tezos-delegation-service/internal/api/openapi.gen.go:153.16,155.3 1 0
tezos-delegation-service/internal/api/openapi.gen.go:156.2,158.16 3 1
tezos-delegation-service/internal/api/openapi.gen.go:158.16,160.3 1 0
tezos-delegation-service/internal/api/openapi.gen.go:162.2,162.25 1 1
tezos-delegation-service/internal/api/openapi.gen.go:168.48,170.32 2 1
tezos-delegation-service/internal/api/openapi.gen.go:170.32,172.3 1 0
tezos-delegation-service/internal/api/openapi.gen.go:176.73,178.25 2 0
tezos-delegation-service/internal/api/openapi.gen.go:178.25,180.3 1 0
tezos-delegation-service/internal/api/openapi.gen.go:182.2,182.12 1 0
tezos-delegation-service/internal/api/openapi.gen.go:190.52,195.87 4 0
tezos-delegation-service/internal/api/openapi.gen.go:195.87,199.10 4 0
tezos-delegation-service/internal/api/openapi.gen.go:199.10,202.4 2 0
tezos-delegation-service/internal/api/openapi.gen.go:203.3,203.19 1 0
tezos-delegation-service/internal/api/openapi.gen.go:205.2,207.16 3 0
tezos-delegation-service/internal/api/openapi.gen.go:207.16,209.3 1 0
tezos-delegation-service/internal/api/openapi.gen.go:210.2,211.16 2 0
tezos-delegation-service/internal/api/openapi.gen.go:211.16,213.3 1 0
tezos-delegation-service/internal/api/openapi.gen.go:214.2,214.8 1 0
tezos-delegation-service/internal/api/router/router.go:17.83,34.2 9 0
tezos-delegation-service/internal/app/app.go:18.23,33.2 1 0
tezos-delegation-service/internal/app/app.go:36.92,38.44 1 0
tezos-delegation-service/internal/app/app.go:38.44,41.14 2 0
tezos-delegation-service/internal/app/app.go:41.14,43.82 1 0
tezos-delegation-service/internal/app/app.go:43.82,45.6 1 0
tezos-delegation-service/internal/app/app.go:47.4,47.14 1 0
tezos-delegation-service/internal/app/app.go:49.43,52.4 2 0
tezos-delegation-service/internal/app/app.go:57.87,59.44 1 0
tezos-delegation-service/internal/app/app.go:59.44,64.4 3 0
tezos-delegation-service/internal/app/app.go:65.43,69.4 2 0
tezos-delegation-service/internal/middleware/circuitbreaker.go:10.42,12.2 1 0
tezos-delegation-service/internal/middleware/circuitbreaker.go:14.56,15.30 1 0
tezos-delegation-service/internal/middleware/circuitbreaker.go:15.30,16.48 1 0
tezos-delegation-service/internal/middleware/circuitbreaker.go:16.48,18.25 2 0
tezos-delegation-service/internal/middleware/circuitbreaker.go:18.25,20.5 1 0
tezos-delegation-service/internal/middleware/circuitbreaker.go:21.4,21.14 1 0
tezos-delegation-service/internal/middleware/circuitbreaker.go:24.3,24.17 1 0
tezos-delegation-service/internal/middleware/circuitbreaker.go:24.17,27.4 2 0
tezos-delegation-service/internal/middleware/cors.go:9.22,11.2 1 0
tezos-delegation-service/internal/middleware/cors.go:13.45,14.30 1 0
tezos-delegation-service/internal/middleware/cors.go:14.30,22.3 5 0
tezos-delegation-service/internal/middleware/logger.go:10.57,11.30 1 0
tezos-delegation-service/internal/middleware/logger.go:11.30,23.3 4 0
tezos-delegation-service/internal/middleware/ratelimiter.go:12.44,16.2 1 0
tezos-delegation-service/internal/middleware/ratelimiter.go:18.53,19.30 1 0
tezos-delegation-service/internal/middleware/ratelimiter.go:19.30,22.3 2 0
tezos-delegation-service/internal/middleware/retrier.go:11.28,13.2 1 0
tezos-delegation-service/internal/middleware/retrier.go:15.86,16.30 1 0
tezos-delegation-service/internal/middleware/retrier.go:16.30,17.21 1 0
tezos-delegation-service/internal/middleware/retrier.go:17.21,19.26 2 0
tezos-delegation-service/internal/middleware/retrier.go:19.26,21.5 1 0
tezos-delegation-service/internal/middleware/retrier.go:23.4,23.27 1 0
tezos-delegation-service/internal/middleware/retrier.go:23.27,25.5 1 0
tezos-delegation-service/internal/middleware/retrier.go:27.4,27.21 1 0
tezos-delegation-service/logger/logger.go:16.26,27.2 2 1
tezos-delegation-service/config/config.go:30.36,37.45 3 0
tezos-delegation-service/config/config.go:37.45,40.3 2 0
tezos-delegation-service/config/config.go:41.2,41.49 1 0
tezos-delegation-service/config/config.go:41.49,44.3 2 0
tezos-delegation-service/config/config.go:45.2,45.8 1 0
tezos-delegation-service/config/config.go:49.36,51.9 2 0
tezos-delegation-service/config/config.go:51.9,53.3 1 0
tezos-delegation-service/config/config.go:55.2,56.6 2 0
tezos-delegation-service/config/config.go:56.6,57.51 1 0
tezos-delegation-service/config/config.go:57.51,59.4 1 0
tezos-delegation-service/config/config.go:61.3,62.27 2 0
tezos-delegation-service/config/config.go:62.27,63.9 1 0
tezos-delegation-service/config/config.go:65.3,65.22 1 0
tezos-delegation-service/config/config.go:67.2,67.27 1 0
tezos-delegation-service/config/config.go:71.35,74.2 2 0
tezos-delegation-service/internal/db/db.go:20.28,22.2 1 1
tezos-delegation-service/internal/db/db.go:28.46,32.2 1 0
tezos-delegation-service/internal/db/postgres.go:23.46,30.16 3 1
tezos-delegation-service/internal/db/postgres.go:30.16,32.3 1 0
tezos-delegation-service/internal/db/postgres.go:34.2,37.3 1 1
tezos-delegation-service/internal/db/postgres.go:41.57,48.16 3 1
tezos-delegation-service/internal/db/postgres.go:48.16,50.3 1 0
tezos-delegation-service/internal/db/postgres.go:51.2,51.18 1 1
tezos-delegation-service/internal/db/postgres.go:55.96,57.41 2 1
tezos-delegation-service/internal/db/postgres.go:57.41,64.3 1 1
tezos-delegation-service/internal/db/postgres.go:67.2,71.24 3 1
tezos-delegation-service/internal/db/postgres.go:71.24,72.38 1 1
tezos-delegation-service/internal/db/postgres.go:72.38,74.4 1 0
tezos-delegation-service/internal/db/postgres.go:77.2,77.12 1 1
tezos-delegation-service/internal/db/postgres.go:81.95,84.15 3 1
tezos-delegation-service/internal/db/postgres.go:84.15,90.3 1 0
tezos-delegation-service/internal/db/postgres.go:90.8,97.3 1 1
tezos-delegation-service/internal/db/postgres.go:99.2,99.16 1 1
tezos-delegation-service/internal/db/postgres.go:99.16,101.3 1 0
tezos-delegation-service/internal/db/postgres.go:102.2,105.18 3 1
tezos-delegation-service/internal/db/postgres.go:105.18,107.91 2 1
tezos-delegation-service/internal/db/postgres.go:107.91,109.4 1 0
tezos-delegation-service/internal/db/postgres.go:110.3,110.40 1 1
tezos-delegation-service/internal/db/postgres.go:112.2,112.35 1 1
tezos-delegation-service/internal/db/postgres.go:112.35,114.3 1 0
tezos-delegation-service/internal/db/postgres.go:116.2,116.25 1 1
tezos-delegation-service/internal/db/postgres.go:120.96,122.41 2 1
tezos-delegation-service/internal/db/postgres.go:122.41,124.3 1 1
tezos-delegation-service/internal/db/postgres.go:127.2,131.24 3 1
tezos-delegation-service/internal/db/postgres.go:131.24,132.38 1 1
tezos-delegation-service/internal/db/postgres.go:132.38,134.4 1 0
tezos-delegation-service/internal/db/postgres.go:137.2,137.12 1 1
tezos-delegation-service/internal/db/queries.sql.go:33.115,48.2 4 0
tezos-delegation-service/config/config.go:30.36,37.45 3 0
tezos-delegation-service/config/config.go:37.45,40.3 2 0
tezos-delegation-service/config/config.go:41.2,41.49 1 0
tezos-delegation-service/config/config.go:41.49,44.3 2 0
tezos-delegation-service/config/config.go:45.2,45.8 1 0
tezos-delegation-service/config/config.go:49.36,51.9 2 0
tezos-delegation-service/config/config.go:51.9,53.3 1 0
tezos-delegation-service/config/config.go:55.2,56.6 2 0
tezos-delegation-service/config/config.go:56.6,57.51 1 0
tezos-delegation-service/config/config.go:57.51,59.4 1 0
tezos-delegation-service/config/config.go:61.3,62.27 2 0
tezos-delegation-service/config/config.go:62.27,63.9 1 0
tezos-delegation-service/config/config.go:65.3,65.22 1 0
tezos-delegation-service/config/config.go:67.2,67.27 1 0
tezos-delegation-service/config/config.go:71.35,74.2 2 0
tezos-delegation-service/internal/parser/parser.go:21.45,22.24 1 1
tezos-delegation-service/internal/parser/parser.go:23.15,24.23 1 1
tezos-delegation-service/internal/parser/parser.go:25.14,26.37 1 1
tezos-delegation-service/internal/parser/parser.go:27.25,28.29 1 1
tezos-delegation-service/internal/parser/parser.go:29.28,30.32 1 1
tezos-delegation-service/internal/parser/parser.go:31.10,32.55 1 0
tezos-delegation-service/internal/parser/parser.go:36.49,37.25 1 1
tezos-delegation-service/internal/parser/parser.go:38.15,39.23 1 1
tezos-delegation-service/internal/parser/parser.go:40.14,41.37 1 1
tezos-delegation-service/internal/parser/parser.go:42.25,43.29 1 1
tezos-delegation-service/internal/parser/parser.go:44.28,45.32 1 1
tezos-delegation-service/internal/parser/parser.go:46.10,47.59 1 0
tezos-delegation-service/internal/parser/parser.go:51.78,53.9 2 1
tezos-delegation-service/internal/parser/parser.go:53.9,55.3 1 0
tezos-delegation-service/internal/parser/parser.go:56.2,56.17 1 1
tezos-delegation-service/internal/parser/parser.go:59.84,61.16 2 1
tezos-delegation-service/internal/parser/parser.go:61.16,63.3 1 0
tezos-delegation-service/internal/parser/parser.go:64.2,65.16 2 1
tezos-delegation-service/internal/parser/parser.go:65.16,67.3 1 1
tezos-delegation-service/internal/parser/parser.go:69.2,70.16 2 1
tezos-delegation-service/internal/parser/parser.go:70.16,72.3 1 0
tezos-delegation-service/internal/parser/parser.go:73.2,74.9 2 1
tezos-delegation-service/internal/parser/parser.go:74.9,76.3 1 1
tezos-delegation-service/internal/parser/parser.go:78.2,79.9 2 1
tezos-delegation-service/internal/parser/parser.go:79.9,81.3 1 1
tezos-delegation-service/internal/parser/parser.go:83.2,84.16 2 1
tezos-delegation-service/internal/parser/parser.go:84.16,86.3 1 0
tezos-delegation-service/internal/parser/parser.go:87.2,88.9 2 1
tezos-delegation-service/internal/parser/parser.go:88.9,90.3 1 0
tezos-delegation-service/internal/parser/parser.go:91.2,92.16 2 1
tezos-delegation-service/internal/parser/parser.go:92.16,94.3 1 1
tezos-delegation-service/internal/parser/parser.go:96.2,97.16 2 1
tezos-delegation-service/internal/parser/parser.go:97.16,99.3 1 0
tezos-delegation-service/internal/parser/parser.go:100.2,101.16 2 1
tezos-delegation-service/internal/parser/parser.go:101.16,103.3 1 0
tezos-delegation-service/internal/parser/parser.go:105.2,106.16 2 1
tezos-delegation-service/internal/parser/parser.go:106.16,108.3 1 0
tezos-delegation-service/internal/parser/parser.go:109.2,110.16 2 1
tezos-delegation-service/internal/parser/parser.go:110.16,112.3 1 0
tezos-delegation-service/internal/parser/parser.go:114.2,121.25 2 1
tezos-delegation-service/config/config.go:30.36,37.45 3 0
tezos-delegation-service/config/config.go:37.45,40.3 2 0
tezos-delegation-service/config/config.go:41.2,41.49 1 0
tezos-delegation-service/config/config.go:41.49,44.3 2 0
tezos-delegation-service/config/config.go:45.2,45.8 1 0
tezos-delegation-service/config/config.go:49.36,51.9 2 0
tezos-delegation-service/config/config.go:51.9,53.3 1 0
tezos-delegation-service/config/config.go:55.2,56.6 2 0
tezos-delegation-service/config/config.go:56.6,57.51 1 0
tezos-delegation-service/config/config.go:57.51,59.4 1 0
tezos-delegation-service/config/config.go:61.3,62.27 2 0
tezos-delegation-service/config/config.go:62.27,63.9 1 0
tezos-delegation-service/config/config.go:65.3,65.22 1 0
tezos-delegation-service/config/config.go:67.2,67.27 1 0
tezos-delegation-service/config/config.go:71.35,74.2 2 0
tezos-delegation-service/internal/poller/poller.go:36.90,44.2 1 1
tezos-delegation-service/internal/poller/poller.go:47.52,49.16 2 0
tezos-delegation-service/internal/poller/poller.go:49.16,52.3 2 0
tezos-delegation-service/internal/poller/poller.go:53.2,56.6 3 0
tezos-delegation-service/internal/poller/poller.go:56.6,57.10 1 0
tezos-delegation-service/internal/poller/poller.go:58.19,59.27 1 0
tezos-delegation-service/internal/poller/poller.go:60.21,61.10 1 0
tezos-delegation-service/internal/poller/poller.go:67.56,69.16 2 0
tezos-delegation-service/internal/poller/poller.go:69.16,72.3 2 0
tezos-delegation-service/internal/poller/poller.go:73.2,75.38 2 0
tezos-delegation-service/internal/poller/poller.go:75.38,78.3 2 0
tezos-delegation-service/internal/poller/poller.go:80.2,81.75 2 0
tezos-delegation-service/internal/poller/poller.go:81.75,84.3 2 0
tezos-delegation-service/internal/poller/poller.go:86.2,86.30 1 0
tezos-delegation-service/internal/poller/poller.go:86.30,88.3 1 0
tezos-delegation-service/internal/poller/poller.go:91.2,93.16 3 0
tezos-delegation-service/internal/poller/poller.go:93.16,96.3 2 0
tezos-delegation-service/internal/poller/poller.go:99.2,100.71 2 0
tezos-delegation-service/internal/poller/poller.go:100.71,103.3 2 0
tezos-delegation-service/internal/poller/poller.go:106.2,107.37 2 0
tezos-delegation-service/internal/poller/poller.go:107.37,109.17 2 0
tezos-delegation-service/internal/poller/poller.go:109.17,112.4 2 0
tezos-delegation-service/internal/poller/poller.go:113.3,113.49 1 0
tezos-delegation-service/internal/poller/poller.go:117.2,118.16 2 0
tezos-delegation-service/internal/poller/poller.go:118.16,121.3 2 0
tezos-delegation-service/internal/poller/poller.go:124.2,124.79 1 0
tezos-delegation-service/logger/logger.go:16.26,27.2 2 1
tezos-delegation-service/logger/logger.go:16.26,27.2 2 0
